C51 COMPILER V9.60.7.0   MAIN                                                              06/03/2025 20:20:40 PAGE 1   


C51 COMPILER V9.60.7.0, COMPILATION OF MODULE MAIN
OBJECT MODULE PLACED IN .\Objects\main.obj
COMPILER INVOKED BY: D:\C51\BIN\C51.EXE main.c OPTIMIZE(8,SPEED) BROWSE DEBUG OBJECTEXTEND PRINT(.\Listings\main.lst) TA
                    -BS(2) OBJECT(.\Objects\main.obj)

line level    source

   1          #include <reg51.h>
   2          #include <stdio.h>
   3          
   4          #define ADC_DATA P1
   5          sbit ADC_RD = P3^7;
   6          sbit ADC_WR = P3^6;
   7          sbit ADC_INTR = P3^2;
   8          
   9          void delay_us(unsigned int us) {
  10   1          while(us--);
  11   1      }
  12          
  13          void delay_ms(unsigned int ms) {
  14   1          unsigned int i, j;
  15   1          for(i = 0; i < ms; i++)
  16   1              for(j = 0; j < 1275; j++);
  17   1      }
  18          
  19          void uart_init() {
  20   1          SCON = 0x50;  // 8-bit UART, REN enabled
  21   1          TMOD = 0x20;  // Timer1 mode2
  22   1          TH1 = 0xFD;   // 9600 baud
  23   1          TR1 = 1;
  24   1      }
  25          
  26          void uart_tx(char c) {
  27   1          SBUF = c;
  28   1          while(TI == 0);
  29   1          TI = 0;
  30   1      }
  31          
  32          void uart_tx_str(char *str) {
  33   1          while(*str) uart_tx(*str++);
  34   1      }
  35          
  36          unsigned char read_adc() {
  37   1          ADC_WR = 0;
  38   1          delay_us(1);
  39   1          ADC_WR = 1;
  40   1      
  41   1          while(ADC_INTR == 1); // wait for conversion
  42   1      
  43   1          ADC_RD = 0;
  44   1          delay_us(1);
  45   1          {
  46   2              unsigned char value = ADC_DATA;
  47   2              RD = 1;
  48   2              return value;
  49   2          }
  50   1      }
  51          
  52          void main() {
  53   1          unsigned char adc_val;
  54   1          float voltage, temperature;
C51 COMPILER V9.60.7.0   MAIN                                                              06/03/2025 20:20:40 PAGE 2   

  55   1          char str[16];
  56   1      
  57   1          uart_init();
  58   1      
  59   1          while(1) {
  60   2              adc_val = read_adc();
  61   2              voltage = (adc_val * 5.0) / 255.0;        // Vref = 5.0V
  62   2              temperature = voltage * 100.0;            // LM35: 10mV/°C ? 100x
  63   2      
  64   2              sprintf(str, "Temp = %.2f C\r\n", temperature);
  65   2              uart_tx_str(str);
  66   2      
  67   2              delay_ms(1000);  // Read every 1 second
  68   2          }
  69   1      }


MODULE INFORMATION:   STATIC OVERLAYABLE
   CODE SIZE        =    243    ----
   CONSTANT SIZE    =     16    ----
   XDATA SIZE       =   ----    ----
   PDATA SIZE       =   ----    ----
   DATA SIZE        =   ----      29
   IDATA SIZE       =   ----    ----
   BIT SIZE         =   ----    ----
END OF MODULE INFORMATION.


C51 COMPILATION COMPLETE.  0 WARNING(S),  0 ERROR(S)
